<?xml version="1.0" encoding="UTF-8"?>
<testng-results skipped="0" failed="0" ignored="0" total="1" passed="1">
  <reporter-output>
  </reporter-output>
  <suite name="Suite" duration-ms="9808" started-at="2019-12-10T03:44:08Z" finished-at="2019-12-10T03:44:18Z">
    <groups>
      <group name="cucumber">
        <method signature="AbstractTestNGCucumberTests.feature(cucumber.api.testng.CucumberFeatureWrapper)[pri:0, instance:Runner.Run1@531be3c5]" name="feature" class="cucumber.api.testng.AbstractTestNGCucumberTests"/>
      </group> <!-- cucumber -->
    </groups>
    <test name="Test" duration-ms="9808" started-at="2019-12-10T03:44:08Z" finished-at="2019-12-10T03:44:18Z">
      <class name="Runner.Run1">
        <test-method status="PASS" signature="setUpClass()[pri:0, instance:Runner.Run1@531be3c5]" name="setUpClass" is-config="true" duration-ms="282" started-at="2019-12-10T03:44:08Z" finished-at="2019-12-10T03:44:08Z">
          <reporter-output>
          </reporter-output>
        </test-method> <!-- setUpClass -->
        <test-method status="PASS" signature="feature(cucumber.api.testng.CucumberFeatureWrapper)[pri:0, instance:Runner.Run1@531be3c5]" name="feature" duration-ms="9277" started-at="2019-12-10T03:44:08Z" description="Runs Cucumber Feature" data-provider="features" finished-at="2019-12-10T03:44:18Z">
          <params>
            <param index="0">
              <value>
                <![CDATA[Validating demo automation]]>
              </value>
            </param>
          </params>
          <reporter-output>
          </reporter-output>
        </test-method> <!-- feature -->
        <test-method status="PASS" signature="tearDownClass()[pri:0, instance:Runner.Run1@531be3c5]" name="tearDownClass" is-config="true" duration-ms="84" started-at="2019-12-10T03:44:18Z" finished-at="2019-12-10T03:44:18Z">
          <reporter-output>
          </reporter-output>
        </test-method> <!-- tearDownClass -->
      </class> <!-- Runner.Run1 -->
    </test> <!-- Test -->
  </suite> <!-- Suite -->
</testng-results>
